[WARN] [1777369963.997160183] [controller_manager]: [Deprecated] Passing the robot description parameter directly to the control_manager node is deprecated. Use '~/robot_description' topic from 'robot_state_publisher' instead.
[INFO] [1777369963.997897465] [resource_manager]: Loading hardware 'FakeSystem' 
[INFO] [1777369964.000402192] [resource_manager]: Initialize hardware 'FakeSystem' 
[INFO] [1777369964.010483969] [resource_manager]: Successful initialization of hardware 'FakeSystem'
[INFO] [1777369964.010577365] [resource_manager]: 'configure' hardware 'FakeSystem' 
[INFO] [1777369964.010586170] [resource_manager]: Successful 'configure' of hardware 'FakeSystem'
[INFO] [1777369964.010592560] [resource_manager]: 'activate' hardware 'FakeSystem' 
[INFO] [1777369964.010596771] [resource_manager]: Successful 'activate' of hardware 'FakeSystem'
[INFO] [1777369964.016017371] [controller_manager]: update rate is 100 Hz
[INFO] [1777369964.016052784] [controller_manager]: Spawning controller_manager RT thread with scheduler priority: 50
[WARN] [1777369964.016135061] [controller_manager]: Could not enable FIFO RT scheduling policy: with error number <1>(Operation not permitted). See [https://control.ros.org/master/doc/ros2_control/controller_manager/doc/userdoc.html] for details on how to enable realtime scheduling.
[INFO] [1777369964.310657339] [controller_manager]: Loading controller 'gripper_controller'
[INFO] [1777369964.326677998] [controller_manager]: Loading controller 'arm_controller'
[WARN] [1777369964.335507805] [arm_controller]: [Deprecated]: "allow_nonzero_velocity_at_trajectory_end" is set to true. The default behavior will change to false.
[INFO] [1777369964.356455294] [controller_manager]: Configuring controller 'joint_state_broadcaster'
[ERROR] [1777369964.356518017] [controller_manager]: Could not configure controller with name 'joint_state_broadcaster' because no controller with this name exists
[INFO] [1777370466.232684494] [rclcpp]: signal_handler(SIGINT/SIGTERM)
[INFO] [1777370466.232920451] [controller_manager]: Shutdown request received....
[INFO] [1777370466.233052989] [controller_manager]: Shutting down all controllers in the controller manager.
[INFO] [1777370466.233117639] [controller_manager]: Shutting down controller 'gripper_controller'
[INFO] [1777370466.233310368] [controller_manager]: Shutting down controller 'arm_controller'
[INFO] [1777370466.233396704] [resource_manager]: 'deactivate' hardware 'FakeSystem' 
[INFO] [1777370466.233431430] [resource_manager]: Successful 'deactivate' of hardware 'FakeSystem'
[INFO] [1777370466.233445883] [resource_manager]: 'shutdown' hardware 'FakeSystem' 
[INFO] [1777370466.233466708] [resource_manager]: Successful 'shutdown' of hardware 'FakeSystem'
[INFO] [1777370466.233484104] [controller_manager]: Shutting down the controller manager.
